replugin-host-lib/build/outputs/logs/manifest-merger-debug-report.txt
-- Merging decision tree log ---
manifest
ADDED from src/main/AndroidManifest.xml:17:1-216:12
INJECTED from src/main/AndroidManifest.xml:17:1-216:12
INJECTED from src/main/AndroidManifest.xml:17:1-216:12
INJECTED from src/main/AndroidManifest.xml:17:1-216:12
INJECTED from src/main/AndroidManifest.xml:17:1-216:12
INJECTED from src/main/AndroidManifest.xml:17:1-216:12
INJECTED from src/main/AndroidManifest.xml:17:1-216:12
	package
		ADDED from src/main/AndroidManifest.xml:18:5-43
		INJECTED from src/main/AndroidManifest.xml
		INJECTED from src/main/AndroidManifest.xml
	android:versionName
		INJECTED from src/main/AndroidManifest.xml
		ADDED from src/main/AndroidManifest.xml:17:1-216:12
		INJECTED from src/main/AndroidManifest.xml
	android:versionCode
		INJECTED from src/main/AndroidManifest.xml
		ADDED from src/main/AndroidManifest.xml:17:1-216:12
		INJECTED from src/main/AndroidManifest.xml
	xmlns:android
		ADDED from src/main/AndroidManifest.xml:17:11-69
application
ADDED from src/main/AndroidManifest.xml:20:5-215:19
provider#com.qihoo360.replugin.component.process.ProcessPitProviderUI
ADDED from src/main/AndroidManifest.xml:30:9-33:40
	android:authorities
		ADDED from src/main/AndroidManifest.xml:32:13-67
	android:exported
		ADDED from src/main/AndroidManifest.xml:33:13-37
	android:name
		ADDED from src/main/AndroidManifest.xml:31:13-88
provider#${applicationId}.loader.p.ProviderN1
ADDED from src/main/AndroidManifest.xml:34:9-37:40
	android:authorities
		ADDED from src/main/AndroidManifest.xml:36:13-65
	android:exported
		ADDED from src/main/AndroidManifest.xml:37:13-37
	android:name
		ADDED from src/main/AndroidManifest.xml:35:13-64
service#${applicationId}.loader.s.ServiceN1
ADDED from src/main/AndroidManifest.xml:39:9-41:40
	android:exported
		ADDED from src/main/AndroidManifest.xml:41:13-37
	android:name
		ADDED from src/main/AndroidManifest.xml:40:13-63
provider#com.qihoo360.replugin.component.process.ProcessPitProviderLoader0
ADDED from src/main/AndroidManifest.xml:43:9-47:42
	android:process
		ADDED from src/main/AndroidManifest.xml:47:13-39
	android:authorities
		ADDED from src/main/AndroidManifest.xml:45:13-66
	android:exported
		ADDED from src/main/AndroidManifest.xml:46:13-37
	android:name
		ADDED from src/main/AndroidManifest.xml:44:13-93
provider#${applicationId}.loader.p.Provider0
ADDED from src/main/AndroidManifest.xml:48:9-52:42
	android:process
		ADDED from src/main/AndroidManifest.xml:52:13-39
	android:authorities
		ADDED from src/main/AndroidManifest.xml:50:13-64
	android:exported
		ADDED from src/main/AndroidManifest.xml:51:13-37
	android:name
		ADDED from src/main/AndroidManifest.xml:49:13-63
service#${applicationId}.loader.s.Service0
ADDED from src/main/AndroidManifest.xml:54:9-57:42
	android:process
		ADDED from src/main/AndroidManifest.xml:57:13-39
	android:exported
		ADDED from src/main/AndroidManifest.xml:56:13-37
	android:name
		ADDED from src/main/AndroidManifest.xml:55:13-62
activity#${applicationId}.loader.a.Activity0_singleTask1
ADDED from src/main/AndroidManifest.xml:59:9-67:63
	android:screenOrientation
		ADDED from src/main/AndroidManifest.xml:65:13-49
	android:process
		ADDED from src/main/AndroidManifest.xml:64:13-39
	android:launchMode
		ADDED from src/main/AndroidManifest.xml:63:13-44
	android:exported
		ADDED from src/main/AndroidManifest.xml:62:13-37
	android:configChanges
		ADDED from src/main/AndroidManifest.xml:61:13-83
	android:theme
		ADDED from src/main/AndroidManifest.xml:67:13-60
	android:taskAffinity
		ADDED from src/main/AndroidManifest.xml:66:13-44
	android:name
		ADDED from src/main/AndroidManifest.xml:60:13-75
activity#${applicationId}.loader.a.Activity0_singleInstance1
ADDED from src/main/AndroidManifest.xml:68:9-75:63
	android:screenOrientation
		ADDED from src/main/AndroidManifest.xml:74:13-49
	android:process
		ADDED from src/main/AndroidManifest.xml:73:13-39
	android:launchMode
		ADDED from src/main/AndroidManifest.xml:72:13-48
	android:exported
		ADDED from src/main/AndroidManifest.xml:71:13-37
	android:configChanges
		ADDED from src/main/AndroidManifest.xml:70:13-83
	android:theme
		ADDED from src/main/AndroidManifest.xml:75:13-60
	android:name
		ADDED from src/main/AndroidManifest.xml:69:13-79
activity#${applicationId}.loader.a.Activity0_task
ADDED from src/main/AndroidManifest.xml:76:9-82:63
	android:screenOrientation
		ADDED from src/main/AndroidManifest.xml:81:13-49
	android:process
		ADDED from src/main/AndroidManifest.xml:80:13-39
	android:exported
		ADDED from src/main/AndroidManifest.xml:79:13-37
	android:configChanges
		ADDED from src/main/AndroidManifest.xml:78:13-83
	android:theme
		ADDED from src/main/AndroidManifest.xml:82:13-60
	android:name
		ADDED from src/main/AndroidManifest.xml:77:13-68
activity#${applicationId}.loader.a.Activity0_fullscreen
ADDED from src/main/AndroidManifest.xml:83:9-89:74
	android:screenOrientation
		ADDED from src/main/AndroidManifest.xml:88:13-49
	android:process
		ADDED from src/main/AndroidManifest.xml:87:13-39
	android:exported
		ADDED from src/main/AndroidManifest.xml:86:13-37
	android:configChanges
		ADDED from src/main/AndroidManifest.xml:85:13-83
	android:theme
		ADDED from src/main/AndroidManifest.xml:89:13-71
	android:name
		ADDED from src/main/AndroidManifest.xml:84:13-74
activity#${applicationId}.loader.a.Activity0_translucent
ADDED from src/main/AndroidManifest.xml:90:9-96:75
	android:screenOrientation
		ADDED from src/main/AndroidManifest.xml:95:13-49
	android:process
		ADDED from src/main/AndroidManifest.xml:94:13-39
	android:exported
		ADDED from src/main/AndroidManifest.xml:93:13-37
	android:configChanges
		ADDED from src/main/AndroidManifest.xml:92:13-83
	android:theme
		ADDED from src/main/AndroidManifest.xml:96:13-72
	android:name
		ADDED from src/main/AndroidManifest.xml:91:13-75
activity#${applicationId}.loader.a.Activity0_translucent_fullscreen
ADDED from src/main/AndroidManifest.xml:97:9-103:86
	android:screenOrientation
		ADDED from src/main/AndroidManifest.xml:102:13-49
	android:process
		ADDED from src/main/AndroidManifest.xml:101:13-39
	android:exported
		ADDED from src/main/AndroidManifest.xml:100:13-37
	android:configChanges
		ADDED from src/main/AndroidManifest.xml:99:13-83
	android:theme
		ADDED from src/main/AndroidManifest.xml:103:13-83
	android:name
		ADDED from src/main/AndroidManifest.xml:98:13-86
activity#${applicationId}.loader.a.Activity0_dialog
ADDED from src/main/AndroidManifest.xml:104:9-110:59
	android:screenOrientation
		ADDED from src/main/AndroidManifest.xml:109:13-49
	android:process
		ADDED from src/main/AndroidManifest.xml:108:13-39
	android:exported
		ADDED from src/main/AndroidManifest.xml:107:13-37
	android:configChanges
		ADDED from src/main/AndroidManifest.xml:106:13-83
	android:theme
		ADDED from src/main/AndroidManifest.xml:110:13-56
	android:name
		ADDED from src/main/AndroidManifest.xml:105:13-70
activity#${applicationId}.loader.a.Activity0
ADDED from src/main/AndroidManifest.xml:111:9-118:63
	android:screenOrientation
		ADDED from src/main/AndroidManifest.xml:116:13-49
	android:process
		ADDED from src/main/AndroidManifest.xml:115:13-39
	android:exported
		ADDED from src/main/AndroidManifest.xml:114:13-37
	android:configChanges
		ADDED from src/main/AndroidManifest.xml:113:13-83
	android:theme
		ADDED from src/main/AndroidManifest.xml:118:13-60
	android:taskAffinity
		ADDED from src/main/AndroidManifest.xml:117:13-44
	android:name
		ADDED from src/main/AndroidManifest.xml:112:13-63
provider#com.qihoo360.replugin.component.process.ProcessPitProviderLoader1
ADDED from src/main/AndroidManifest.xml:120:9-124:42
	android:process
		ADDED from src/main/AndroidManifest.xml:124:13-39
	android:authorities
		ADDED from src/main/AndroidManifest.xml:122:13-66
	android:exported
		ADDED from src/main/AndroidManifest.xml:123:13-37
	android:name
		ADDED from src/main/AndroidManifest.xml:121:13-93
provider#${applicationId}.loader.p.Provider1
ADDED from src/main/AndroidManifest.xml:125:9-129:42
	android:process
		ADDED from src/main/AndroidManifest.xml:129:13-39
	android:authorities
		ADDED from src/main/AndroidManifest.xml:127:13-64
	android:exported
		ADDED from src/main/AndroidManifest.xml:128:13-37
	android:name
		ADDED from src/main/AndroidManifest.xml:126:13-63
service#${applicationId}.loader.s.Service1
ADDED from src/main/AndroidManifest.xml:131:9-134:42
	android:process
		ADDED from src/main/AndroidManifest.xml:134:13-39
	android:exported
		ADDED from src/main/AndroidManifest.xml:133:13-37
	android:name
		ADDED from src/main/AndroidManifest.xml:132:13-62
activity#${applicationId}.loader.a.Activity1_singleTask1
ADDED from src/main/AndroidManifest.xml:136:9-144:63
	android:screenOrientation
		ADDED from src/main/AndroidManifest.xml:142:13-49
	android:process
		ADDED from src/main/AndroidManifest.xml:141:13-39
	android:launchMode
		ADDED from src/main/AndroidManifest.xml:140:13-44
	android:exported
		ADDED from src/main/AndroidManifest.xml:139:13-37
	android:configChanges
		ADDED from src/main/AndroidManifest.xml:138:13-83
	android:theme
		ADDED from src/main/AndroidManifest.xml:144:13-60
	android:taskAffinity
		ADDED from src/main/AndroidManifest.xml:143:13-44
	android:name
		ADDED from src/main/AndroidManifest.xml:137:13-75
activity#${applicationId}.loader.a.Activity1_singleInstance1
ADDED from src/main/AndroidManifest.xml:145:9-152:63
	android:screenOrientation
		ADDED from src/main/AndroidManifest.xml:151:13-49
	android:process
		ADDED from src/main/AndroidManifest.xml:150:13-39
	android:launchMode
		ADDED from src/main/AndroidManifest.xml:149:13-48
	android:exported
		ADDED from src/main/AndroidManifest.xml:148:13-37
	android:configChanges
		ADDED from src/main/AndroidManifest.xml:147:13-83
	android:theme
		ADDED from src/main/AndroidManifest.xml:152:13-60
	android:name
		ADDED from src/main/AndroidManifest.xml:146:13-79
activity#${applicationId}.loader.a.Activity1_task
ADDED from src/main/AndroidManifest.xml:153:9-159:63
	android:screenOrientation
		ADDED from src/main/AndroidManifest.xml:158:13-49
	android:process
		ADDED from src/main/AndroidManifest.xml:157:13-39
	android:exported
		ADDED from src/main/AndroidManifest.xml:156:13-37
	android:configChanges
		ADDED from src/main/AndroidManifest.xml:155:13-83
	android:theme
		ADDED from src/main/AndroidManifest.xml:159:13-60
	android:name
		ADDED from src/main/AndroidManifest.xml:154:13-68
activity#${applicationId}.loader.a.Activity1_fullscreen
ADDED from src/main/AndroidManifest.xml:160:9-166:74
	android:screenOrientation
		ADDED from src/main/AndroidManifest.xml:165:13-49
	android:process
		ADDED from src/main/AndroidManifest.xml:164:13-39
	android:exported
		ADDED from src/main/AndroidManifest.xml:163:13-37
	android:configChanges
		ADDED from src/main/AndroidManifest.xml:162:13-83
	android:theme
		ADDED from src/main/AndroidManifest.xml:166:13-71
	android:name
		ADDED from src/main/AndroidManifest.xml:161:13-74
activity#${applicationId}.loader.a.Activity1_translucent
ADDED from src/main/AndroidManifest.xml:167:9-173:75
	android:screenOrientation
		ADDED from src/main/AndroidManifest.xml:172:13-49
	android:process
		ADDED from src/main/AndroidManifest.xml:171:13-39
	android:exported
		ADDED from src/main/AndroidManifest.xml:170:13-37
	android:configChanges
		ADDED from src/main/AndroidManifest.xml:169:13-83
	android:theme
		ADDED from src/main/AndroidManifest.xml:173:13-72
	android:name
		ADDED from src/main/AndroidManifest.xml:168:13-75
activity#${applicationId}.loader.a.Activity1_translucent_fullscreen
ADDED from src/main/AndroidManifest.xml:174:9-180:86
	android:screenOrientation
		ADDED from src/main/AndroidManifest.xml:179:13-49
	android:process
		ADDED from src/main/AndroidManifest.xml:178:13-39
	android:exported
		ADDED from src/main/AndroidManifest.xml:177:13-37
	android:configChanges
		ADDED from src/main/AndroidManifest.xml:176:13-83
	android:theme
		ADDED from src/main/AndroidManifest.xml:180:13-83
	android:name
		ADDED from src/main/AndroidManifest.xml:175:13-86
activity#${applicationId}.loader.a.Activity1_dialog
ADDED from src/main/AndroidManifest.xml:181:9-187:59
	android:screenOrientation
		ADDED from src/main/AndroidManifest.xml:186:13-49
	android:process
		ADDED from src/main/AndroidManifest.xml:185:13-39
	android:exported
		ADDED from src/main/AndroidManifest.xml:184:13-37
	android:configChanges
		ADDED from src/main/AndroidManifest.xml:183:13-83
	android:theme
		ADDED from src/main/AndroidManifest.xml:187:13-56
	android:name
		ADDED from src/main/AndroidManifest.xml:182:13-70
activity#${applicationId}.loader.a.Activity1
ADDED from src/main/AndroidManifest.xml:188:9-195:63
	android:screenOrientation
		ADDED from src/main/AndroidManifest.xml:193:13-49
	android:process
		ADDED from src/main/AndroidManifest.xml:192:13-39
	android:exported
		ADDED from src/main/AndroidManifest.xml:191:13-37
	android:configChanges
		ADDED from src/main/AndroidManifest.xml:190:13-83
	android:theme
		ADDED from src/main/AndroidManifest.xml:195:13-60
	android:taskAffinity
		ADDED from src/main/AndroidManifest.xml:194:13-44
	android:name
		ADDED from src/main/AndroidManifest.xml:189:13-63
provider#com.qihoo360.replugin.component.provider.PluginPitProviderUI
ADDED from src/main/AndroidManifest.xml:197:9-200:40
	android:authorities
		ADDED from src/main/AndroidManifest.xml:199:13-65
	android:exported
		ADDED from src/main/AndroidManifest.xml:200:13-37
	android:name
		ADDED from src/main/AndroidManifest.xml:198:13-88
service#com.qihoo360.replugin.component.service.server.PluginPitServiceUI
ADDED from src/main/AndroidManifest.xml:202:9-203:96
	android:name
		ADDED from src/main/AndroidManifest.xml:203:13-93
provider#com.qihoo360.replugin.packages.PluginFastInstallProvider
ADDED from src/main/AndroidManifest.xml:209:9-213:20
	android:authorities
		ADDED from src/main/AndroidManifest.xml:211:13-64
	android:exported
		ADDED from src/main/AndroidManifest.xml:212:13-37
	android:name
		ADDED from src/main/AndroidManifest.xml:210:13-84
uses-sdk
INJECTED from src/main/AndroidManifest.xml reason: use-sdk injection requested
INJECTED from src/main/AndroidManifest.xml
INJECTED from src/main/AndroidManifest.xml
INJECTED from src/main/AndroidManifest.xml
INJECTED from src/main/AndroidManifest.xml
	android:targetSdkVersion
		INJECTED from src/main/AndroidManifest.xml
		ADDED from src/main/AndroidManifest.xml
		INJECTED from src/main/AndroidManifest.xml
	android:minSdkVersion
		INJECTED from src/main/AndroidManifest.xml
		ADDED from src/main/AndroidManifest.xml
		INJECTED from src/main/AndroidManifest.xml